[0.151s] DEBUG:colcon:Command line arguments: ['/usr/bin/colcon', 'build', '--packages-select', 'hello_moveit']
[0.151s] DEBUG:colcon:Parsed command line arguments: Namespace(log_base=None, log_level=None, verb_name='build', build_base='build', install_base='install', merge_install=False, symlink_install=False, test_result_base=None, continue_on_error=False, executor='parallel', parallel_workers=4, event_handlers=None, ignore_user_meta=False, metas=['./colcon.meta'], base_paths=['.'], packages_ignore=None, packages_ignore_regex=None, paths=None, packages_up_to=None, packages_up_to_regex=None, packages_above=None, packages_above_and_dependencies=None, packages_above_depth=None, packages_select_by_dep=None, packages_skip_by_dep=None, packages_skip_up_to=None, packages_select_build_failed=False, packages_skip_build_finished=False, packages_select_test_failures=False, packages_skip_test_passed=False, packages_select=['hello_moveit'], packages_skip=None, packages_select_regex=None, packages_skip_regex=None, packages_start=None, packages_end=None, allow_overriding=[], cmake_args=None, cmake_target=None, cmake_target_skip_unavailable=False, cmake_clean_cache=False, cmake_clean_first=False, cmake_force_configure=False, ament_cmake_args=None, catkin_cmake_args=None, catkin_skip_building_tests=False, mixin_files=None, mixin=None, verb_parser=<colcon_mixin.mixin.mixin_argument.MixinArgumentDecorator object at 0x7f79a063fe50>, verb_extension=<colcon_core.verb.build.BuildVerb object at 0x7f79a063fa30>, main=<bound method BuildVerb.main of <colcon_core.verb.build.BuildVerb object at 0x7f79a063fa30>>, mixin_verb=('build',))
[0.441s] Level 1:colcon.colcon_core.package_discovery:discover_packages(colcon_meta) check parameters
[0.441s] Level 1:colcon.colcon_core.package_discovery:discover_packages(recursive) check parameters
[0.441s] Level 1:colcon.colcon_core.package_discovery:discover_packages(ignore) check parameters
[0.441s] Level 1:colcon.colcon_core.package_discovery:discover_packages(path) check parameters
[0.441s] Level 1:colcon.colcon_core.package_discovery:discover_packages(colcon_meta) discover
[0.441s] Level 1:colcon.colcon_core.package_discovery:discover_packages(recursive) discover
[0.441s] INFO:colcon.colcon_core.package_discovery:Crawling recursively for packages in '/home/maniente/ws_moveit/src/hello_moveit'
[0.441s] Level 1:colcon.colcon_core.package_identification:_identify(.) by extensions ['ignore', 'ignore_ament_install']
[0.441s] Level 1:colcon.colcon_core.package_identification:_identify(.) by extension 'ignore'
[0.441s] Level 1:colcon.colcon_core.package_identification:_identify(.) by extension 'ignore_ament_install'
[0.442s] Level 1:colcon.colcon_core.package_identification:_identify(.) by extensions ['colcon_pkg']
[0.442s] Level 1:colcon.colcon_core.package_identification:_identify(.) by extension 'colcon_pkg'
[0.442s] Level 1:colcon.colcon_core.package_identification:_identify(.) by extensions ['colcon_meta']
[0.442s] Level 1:colcon.colcon_core.package_identification:_identify(.) by extension 'colcon_meta'
[0.442s] Level 1:colcon.colcon_core.package_identification:_identify(.) by extensions ['ros']
[0.442s] Level 1:colcon.colcon_core.package_identification:_identify(.) by extension 'ros'
[0.467s] DEBUG:colcon.colcon_core.package_identification:Package '.' with type 'ros.ament_cmake' and name 'hello_moveit'
[0.467s] Level 1:colcon.colcon_core.package_discovery:discover_packages(recursive) using defaults
[0.467s] Level 1:colcon.colcon_core.package_discovery:discover_packages(ignore) discover
[0.467s] Level 1:colcon.colcon_core.package_discovery:discover_packages(ignore) using defaults
[0.467s] Level 1:colcon.colcon_core.package_discovery:discover_packages(path) discover
[0.467s] Level 1:colcon.colcon_core.package_discovery:discover_packages(path) using defaults
[0.517s] Level 1:colcon.colcon_core.package_discovery:discover_packages(prefix_path) check parameters
[0.517s] Level 1:colcon.colcon_core.package_discovery:discover_packages(prefix_path) discover
[0.525s] DEBUG:colcon.colcon_installed_package_information.package_discovery:Found 56 installed packages in /home/maniente/ws_moveit/install
[0.528s] DEBUG:colcon.colcon_installed_package_information.package_discovery:Found 424 installed packages in /opt/ros/humble
[0.530s] Level 1:colcon.colcon_core.package_discovery:discover_packages(prefix_path) using defaults
[0.612s] Level 5:colcon.colcon_core.verb:set package 'hello_moveit' build argument 'cmake_args' from command line to 'None'
[0.612s] Level 5:colcon.colcon_core.verb:set package 'hello_moveit' build argument 'cmake_target' from command line to 'None'
[0.612s] Level 5:colcon.colcon_core.verb:set package 'hello_moveit' build argument 'cmake_target_skip_unavailable' from command line to 'False'
[0.612s] Level 5:colcon.colcon_core.verb:set package 'hello_moveit' build argument 'cmake_clean_cache' from command line to 'False'
[0.612s] Level 5:colcon.colcon_core.verb:set package 'hello_moveit' build argument 'cmake_clean_first' from command line to 'False'
[0.612s] Level 5:colcon.colcon_core.verb:set package 'hello_moveit' build argument 'cmake_force_configure' from command line to 'False'
[0.612s] Level 5:colcon.colcon_core.verb:set package 'hello_moveit' build argument 'ament_cmake_args' from command line to 'None'
[0.612s] Level 5:colcon.colcon_core.verb:set package 'hello_moveit' build argument 'catkin_cmake_args' from command line to 'None'
[0.612s] Level 5:colcon.colcon_core.verb:set package 'hello_moveit' build argument 'catkin_skip_building_tests' from command line to 'False'
[0.612s] DEBUG:colcon.colcon_core.verb:Building package 'hello_moveit' with the following arguments: {'ament_cmake_args': None, 'build_base': '/home/maniente/ws_moveit/src/hello_moveit/build/hello_moveit', 'catkin_cmake_args': None, 'catkin_skip_building_tests': False, 'cmake_args': None, 'cmake_clean_cache': False, 'cmake_clean_first': False, 'cmake_force_configure': False, 'cmake_target': None, 'cmake_target_skip_unavailable': False, 'install_base': '/home/maniente/ws_moveit/src/hello_moveit/install/hello_moveit', 'merge_install': False, 'path': '/home/maniente/ws_moveit/src/hello_moveit', 'symlink_install': False, 'test_result_base': None}
[0.613s] INFO:colcon.colcon_core.executor:Executing jobs using 'parallel' executor
[0.614s] DEBUG:colcon.colcon_parallel_executor.executor.parallel:run_until_complete
[0.614s] INFO:colcon.colcon_ros.task.ament_cmake.build:Building ROS package in '/home/maniente/ws_moveit/src/hello_moveit' with build type 'ament_cmake'
[0.614s] INFO:colcon.colcon_cmake.task.cmake.build:Building CMake package in '/home/maniente/ws_moveit/src/hello_moveit'
[0.617s] INFO:colcon.colcon_core.plugin_system:Skipping extension 'colcon_core.shell.bat': Not used on non-Windows systems
[0.617s] INFO:colcon.colcon_core.shell:Skip shell extension 'powershell' for command environment: Not usable outside of PowerShell
[0.617s] DEBUG:colcon.colcon_core.shell:Skip shell extension 'dsv' for command environment
[0.638s] DEBUG:colcon.colcon_core.event_handler.log_command:Invoking command in '/home/maniente/ws_moveit/src/hello_moveit/build/hello_moveit': CMAKE_PREFIX_PATH=${CMAKE_PREFIX_PATH}:/home/maniente/ws_moveit/install/moveit_configs_utils:/home/maniente/ws_moveit/install/launch_param_builder:/opt/ros/humble /usr/bin/cmake /home/maniente/ws_moveit/src/hello_moveit -DCMAKE_INSTALL_PREFIX=/home/maniente/ws_moveit/src/hello_moveit/install/hello_moveit
[3.808s] DEBUG:colcon.colcon_core.event_handler.log_command:Invoked command in '/home/maniente/ws_moveit/src/hello_moveit/build/hello_moveit' returned '0': CMAKE_PREFIX_PATH=${CMAKE_PREFIX_PATH}:/home/maniente/ws_moveit/install/moveit_configs_utils:/home/maniente/ws_moveit/install/launch_param_builder:/opt/ros/humble /usr/bin/cmake /home/maniente/ws_moveit/src/hello_moveit -DCMAKE_INSTALL_PREFIX=/home/maniente/ws_moveit/src/hello_moveit/install/hello_moveit
[3.809s] DEBUG:colcon.colcon_core.event_handler.log_command:Invoking command in '/home/maniente/ws_moveit/src/hello_moveit/build/hello_moveit': CMAKE_PREFIX_PATH=${CMAKE_PREFIX_PATH}:/home/maniente/ws_moveit/install/moveit_configs_utils:/home/maniente/ws_moveit/install/launch_param_builder:/opt/ros/humble /usr/bin/cmake --build /home/maniente/ws_moveit/src/hello_moveit/build/hello_moveit -- -j4 -l4
[22.943s] DEBUG:colcon.colcon_core.event_handler.log_command:Invoked command in '/home/maniente/ws_moveit/src/hello_moveit/build/hello_moveit' returned '0': CMAKE_PREFIX_PATH=${CMAKE_PREFIX_PATH}:/home/maniente/ws_moveit/install/moveit_configs_utils:/home/maniente/ws_moveit/install/launch_param_builder:/opt/ros/humble /usr/bin/cmake --build /home/maniente/ws_moveit/src/hello_moveit/build/hello_moveit -- -j4 -l4
[22.963s] DEBUG:colcon.colcon_core.event_handler.log_command:Invoking command in '/home/maniente/ws_moveit/src/hello_moveit/build/hello_moveit': CMAKE_PREFIX_PATH=${CMAKE_PREFIX_PATH}:/home/maniente/ws_moveit/install/moveit_configs_utils:/home/maniente/ws_moveit/install/launch_param_builder:/opt/ros/humble /usr/bin/cmake --install /home/maniente/ws_moveit/src/hello_moveit/build/hello_moveit
[22.999s] Level 1:colcon.colcon_core.environment:create_environment_scripts_only(hello_moveit)
[23.000s] DEBUG:colcon.colcon_core.event_handler.log_command:Invoked command in '/home/maniente/ws_moveit/src/hello_moveit/build/hello_moveit' returned '0': CMAKE_PREFIX_PATH=${CMAKE_PREFIX_PATH}:/home/maniente/ws_moveit/install/moveit_configs_utils:/home/maniente/ws_moveit/install/launch_param_builder:/opt/ros/humble /usr/bin/cmake --install /home/maniente/ws_moveit/src/hello_moveit/build/hello_moveit
[23.005s] Level 1:colcon.colcon_core.environment:checking '/home/maniente/ws_moveit/src/hello_moveit/install/hello_moveit' for CMake module files
[23.006s] Level 1:colcon.colcon_core.environment:checking '/home/maniente/ws_moveit/src/hello_moveit/install/hello_moveit' for CMake config files
[23.006s] Level 1:colcon.colcon_core.shell:create_environment_hook('hello_moveit', 'cmake_prefix_path')
[23.006s] INFO:colcon.colcon_core.shell:Creating environment hook '/home/maniente/ws_moveit/src/hello_moveit/install/hello_moveit/share/hello_moveit/hook/cmake_prefix_path.ps1'
[23.007s] INFO:colcon.colcon_core.shell:Creating environment descriptor '/home/maniente/ws_moveit/src/hello_moveit/install/hello_moveit/share/hello_moveit/hook/cmake_prefix_path.dsv'
[23.008s] INFO:colcon.colcon_core.shell:Creating environment hook '/home/maniente/ws_moveit/src/hello_moveit/install/hello_moveit/share/hello_moveit/hook/cmake_prefix_path.sh'
[23.009s] Level 1:colcon.colcon_core.environment:checking '/home/maniente/ws_moveit/src/hello_moveit/install/hello_moveit/lib'
[23.009s] Level 1:colcon.colcon_core.environment:checking '/home/maniente/ws_moveit/src/hello_moveit/install/hello_moveit/bin'
[23.009s] Level 1:colcon.colcon_core.environment:checking '/home/maniente/ws_moveit/src/hello_moveit/install/hello_moveit/lib/pkgconfig/hello_moveit.pc'
[23.009s] Level 1:colcon.colcon_core.environment:checking '/home/maniente/ws_moveit/src/hello_moveit/install/hello_moveit/lib/python3.10/site-packages'
[23.010s] Level 1:colcon.colcon_core.environment:checking '/home/maniente/ws_moveit/src/hello_moveit/install/hello_moveit/bin'
[23.011s] INFO:colcon.colcon_core.shell:Creating package script '/home/maniente/ws_moveit/src/hello_moveit/install/hello_moveit/share/hello_moveit/package.ps1'
[23.012s] INFO:colcon.colcon_core.shell:Creating package descriptor '/home/maniente/ws_moveit/src/hello_moveit/install/hello_moveit/share/hello_moveit/package.dsv'
[23.013s] INFO:colcon.colcon_core.shell:Creating package script '/home/maniente/ws_moveit/src/hello_moveit/install/hello_moveit/share/hello_moveit/package.sh'
[23.014s] INFO:colcon.colcon_core.shell:Creating package script '/home/maniente/ws_moveit/src/hello_moveit/install/hello_moveit/share/hello_moveit/package.bash'
[23.015s] INFO:colcon.colcon_core.shell:Creating package script '/home/maniente/ws_moveit/src/hello_moveit/install/hello_moveit/share/hello_moveit/package.zsh'
[23.016s] Level 1:colcon.colcon_core.environment:create_file_with_runtime_dependencies(/home/maniente/ws_moveit/src/hello_moveit/install/hello_moveit/share/colcon-core/packages/hello_moveit)
[23.016s] Level 1:colcon.colcon_core.environment:create_environment_scripts_only(hello_moveit)
[23.017s] Level 1:colcon.colcon_core.environment:checking '/home/maniente/ws_moveit/src/hello_moveit/install/hello_moveit' for CMake module files
[23.017s] Level 1:colcon.colcon_core.environment:checking '/home/maniente/ws_moveit/src/hello_moveit/install/hello_moveit' for CMake config files
[23.017s] Level 1:colcon.colcon_core.shell:create_environment_hook('hello_moveit', 'cmake_prefix_path')
[23.018s] INFO:colcon.colcon_core.shell:Creating environment hook '/home/maniente/ws_moveit/src/hello_moveit/install/hello_moveit/share/hello_moveit/hook/cmake_prefix_path.ps1'
[23.018s] INFO:colcon.colcon_core.shell:Creating environment descriptor '/home/maniente/ws_moveit/src/hello_moveit/install/hello_moveit/share/hello_moveit/hook/cmake_prefix_path.dsv'
[23.019s] INFO:colcon.colcon_core.shell:Creating environment hook '/home/maniente/ws_moveit/src/hello_moveit/install/hello_moveit/share/hello_moveit/hook/cmake_prefix_path.sh'
[23.020s] Level 1:colcon.colcon_core.environment:checking '/home/maniente/ws_moveit/src/hello_moveit/install/hello_moveit/lib'
[23.020s] Level 1:colcon.colcon_core.environment:checking '/home/maniente/ws_moveit/src/hello_moveit/install/hello_moveit/bin'
[23.021s] Level 1:colcon.colcon_core.environment:checking '/home/maniente/ws_moveit/src/hello_moveit/install/hello_moveit/lib/pkgconfig/hello_moveit.pc'
[23.021s] Level 1:colcon.colcon_core.environment:checking '/home/maniente/ws_moveit/src/hello_moveit/install/hello_moveit/lib/python3.10/site-packages'
[23.022s] Level 1:colcon.colcon_core.environment:checking '/home/maniente/ws_moveit/src/hello_moveit/install/hello_moveit/bin'
[23.022s] INFO:colcon.colcon_core.shell:Creating package script '/home/maniente/ws_moveit/src/hello_moveit/install/hello_moveit/share/hello_moveit/package.ps1'
[23.023s] INFO:colcon.colcon_core.shell:Creating package descriptor '/home/maniente/ws_moveit/src/hello_moveit/install/hello_moveit/share/hello_moveit/package.dsv'
[23.024s] INFO:colcon.colcon_core.shell:Creating package script '/home/maniente/ws_moveit/src/hello_moveit/install/hello_moveit/share/hello_moveit/package.sh'
[23.024s] INFO:colcon.colcon_core.shell:Creating package script '/home/maniente/ws_moveit/src/hello_moveit/install/hello_moveit/share/hello_moveit/package.bash'
[23.025s] INFO:colcon.colcon_core.shell:Creating package script '/home/maniente/ws_moveit/src/hello_moveit/install/hello_moveit/share/hello_moveit/package.zsh'
[23.025s] Level 1:colcon.colcon_core.environment:create_file_with_runtime_dependencies(/home/maniente/ws_moveit/src/hello_moveit/install/hello_moveit/share/colcon-core/packages/hello_moveit)
[23.025s] DEBUG:colcon.colcon_parallel_executor.executor.parallel:closing loop
[23.026s] DEBUG:colcon.colcon_parallel_executor.executor.parallel:loop closed
[23.026s] DEBUG:colcon.colcon_parallel_executor.executor.parallel:run_until_complete finished with '0'
[23.026s] DEBUG:colcon.colcon_core.event_reactor:joining thread
[23.033s] INFO:colcon.colcon_core.plugin_system:Skipping extension 'colcon_notification.desktop_notification.terminal_notifier': Not used on non-Darwin systems
[23.033s] INFO:colcon.colcon_core.plugin_system:Skipping extension 'colcon_notification.desktop_notification.win32': Not used on non-Windows systems
[23.033s] INFO:colcon.colcon_notification.desktop_notification:Sending desktop notification using 'notify2'
[23.050s] DEBUG:colcon.colcon_core.event_reactor:joined thread
[23.050s] INFO:colcon.colcon_core.shell:Creating prefix script '/home/maniente/ws_moveit/src/hello_moveit/install/local_setup.ps1'
[23.053s] INFO:colcon.colcon_core.shell:Creating prefix util module '/home/maniente/ws_moveit/src/hello_moveit/install/_local_setup_util_ps1.py'
[23.056s] INFO:colcon.colcon_core.shell:Creating prefix chain script '/home/maniente/ws_moveit/src/hello_moveit/install/setup.ps1'
[23.061s] INFO:colcon.colcon_core.shell:Creating prefix script '/home/maniente/ws_moveit/src/hello_moveit/install/local_setup.sh'
[23.062s] INFO:colcon.colcon_core.shell:Creating prefix util module '/home/maniente/ws_moveit/src/hello_moveit/install/_local_setup_util_sh.py'
[23.063s] INFO:colcon.colcon_core.shell:Creating prefix chain script '/home/maniente/ws_moveit/src/hello_moveit/install/setup.sh'
[23.067s] INFO:colcon.colcon_core.shell:Creating prefix script '/home/maniente/ws_moveit/src/hello_moveit/install/local_setup.bash'
[23.067s] INFO:colcon.colcon_core.shell:Creating prefix chain script '/home/maniente/ws_moveit/src/hello_moveit/install/setup.bash'
[23.073s] INFO:colcon.colcon_core.shell:Creating prefix script '/home/maniente/ws_moveit/src/hello_moveit/install/local_setup.zsh'
[23.074s] INFO:colcon.colcon_core.shell:Creating prefix chain script '/home/maniente/ws_moveit/src/hello_moveit/install/setup.zsh'
