[0.021s] Invoking command in '/home/maniente/ws_moveit/src/hello_moveit/build/hello_moveit': CMAKE_PREFIX_PATH=${CMAKE_PREFIX_PATH}:/home/maniente/ws_moveit/install/moveit_configs_utils:/home/maniente/ws_moveit/install/launch_param_builder:/opt/ros/humble /usr/bin/cmake /home/maniente/ws_moveit/src/hello_moveit -DCMAKE_BUILD_TYPE=Debug -DCMAKE_INSTALL_PREFIX=/home/maniente/ws_moveit/src/hello_moveit/install/hello_moveit
[0.121s] -- The C compiler identification is GNU 11.4.0
[0.224s] -- The CXX compiler identification is GNU 11.4.0
[0.242s] -- Detecting C compiler ABI info
[0.389s] -- Detecting C compiler ABI info - done
[0.406s] -- Check for working C compiler: /usr/bin/cc - skipped
[0.407s] -- Detecting C compile features
[0.408s] -- Detecting C compile features - done
[0.415s] -- Detecting CXX compiler ABI info
[0.587s] -- Detecting CXX compiler ABI info - done
[0.602s] -- Check for working CXX compiler: /usr/bin/c++ - skipped
[0.602s] -- Detecting CXX compile features
[0.603s] -- Detecting CXX compile features - done
[0.616s] -- Found ament_cmake: 1.3.11 (/opt/ros/humble/share/ament_cmake/cmake)
[0.866s] -- Found Python3: /usr/bin/python3 (found version "3.10.12") found components: Interpreter 
[1.144s] -- Found moveit_ros_planning_interface: 2.5.6 (/home/maniente/ws_moveit/install/moveit_ros_planning_interface/share/moveit_ros_planning_interface/cmake)
[1.512s] -- Found Boost: /usr/lib/x86_64-linux-gnu/cmake/Boost-1.74.0/BoostConfig.cmake (found version "1.74.0") found components: date_time filesystem program_options system thread 
[1.671s] -- Found rosidl_generator_c: 3.1.6 (/opt/ros/humble/share/rosidl_generator_c/cmake)
[1.694s] -- Found rosidl_adapter: 3.1.6 (/opt/ros/humble/share/rosidl_adapter/cmake)
[1.722s] -- Found rosidl_generator_cpp: 3.1.6 (/opt/ros/humble/share/rosidl_generator_cpp/cmake)
[1.755s] -- Using all available rosidl_typesupport_c: rosidl_typesupport_fastrtps_c;rosidl_typesupport_introspection_c
[1.803s] -- Using all available rosidl_typesupport_cpp: rosidl_typesupport_fastrtps_cpp;rosidl_typesupport_introspection_cpp
[2.208s] -- Found Boost: /usr/lib/x86_64-linux-gnu/cmake/Boost-1.74.0/BoostConfig.cmake (found version "1.74.0") found components: chrono date_time filesystem iostreams program_options regex serialization system thread 
[2.368s] -- Found parameter_traits: 0.3.9 (/opt/ros/humble/share/parameter_traits/cmake)
[2.517s] -- Found rmw_implementation_cmake: 6.1.2 (/opt/ros/humble/share/rmw_implementation_cmake/cmake)
[2.531s] -- Found rmw_fastrtps_cpp: 6.2.7 (/opt/ros/humble/share/rmw_fastrtps_cpp/cmake)
[2.751s] -- Found OpenSSL: /usr/lib/x86_64-linux-gnu/libcrypto.so (found version "3.0.2")  
[2.801s] -- Found FastRTPS: /opt/ros/humble/include  
[2.885s] -- Using RMW implementation 'rmw_fastrtps_cpp' as default
[2.920s] -- Found Threads: TRUE  
[3.023s] -- Found Eigen3: TRUE (found version "3.4.0") 
[3.036s] -- Found rclcpp_lifecycle: 16.0.11 (/opt/ros/humble/share/rclcpp_lifecycle/cmake)
[3.097s] -- Found Boost: /usr/lib/x86_64-linux-gnu/cmake/Boost-1.74.0/BoostConfig.cmake (found version "1.74.0") found components: filesystem 
[3.324s] -- library: /usr/lib/x86_64-linux-gnu/libcurl.so
[3.394s] -- Ensuring Eigen3 include directory is part of orocos-kdl CMake target
[3.717s] -- Found Boost: /usr/lib/x86_64-linux-gnu/cmake/Boost-1.74.0/BoostConfig.cmake (found version "1.74.0") found components: system filesystem date_time program_options thread chrono 
[3.764s] -- Found Boost: /usr/lib/x86_64-linux-gnu/cmake/Boost-1.74.0/BoostConfig.cmake (found version "1.74.0") found components: thread system filesystem regex date_time program_options 
[3.801s] -- Found Boost: /usr/lib/x86_64-linux-gnu/cmake/Boost-1.74.0/BoostConfig.cmake (found version "1.74.0") found components: system filesystem date_time program_options thread 
[3.868s] -- Found ament_lint_auto: 0.12.11 (/opt/ros/humble/share/ament_lint_auto/cmake)
[4.041s] -- Added test 'cppcheck' to perform static code analysis on C / C++ code
[4.042s] -- Configured cppcheck include dirs: $<BUILD_INTERFACE:/home/maniente/ws_moveit/src/hello_moveit/include>
[4.042s] -- Configured cppcheck exclude dirs and/or files: 
[4.048s] -- Added test 'lint_cmake' to check CMake code style
[4.058s] -- Added test 'uncrustify' to check C / C++ code style
[4.058s] -- Configured uncrustify additional arguments: 
[4.062s] -- Added test 'xmllint' to check XML markup files
[4.067s] -- Configuring done
[4.120s] -- Generating done
[4.134s] -- Build files have been written to: /home/maniente/ws_moveit/src/hello_moveit/build/hello_moveit
[4.154s] Invoked command in '/home/maniente/ws_moveit/src/hello_moveit/build/hello_moveit' returned '0': CMAKE_PREFIX_PATH=${CMAKE_PREFIX_PATH}:/home/maniente/ws_moveit/install/moveit_configs_utils:/home/maniente/ws_moveit/install/launch_param_builder:/opt/ros/humble /usr/bin/cmake /home/maniente/ws_moveit/src/hello_moveit -DCMAKE_BUILD_TYPE=Debug -DCMAKE_INSTALL_PREFIX=/home/maniente/ws_moveit/src/hello_moveit/install/hello_moveit
[4.157s] Invoking command in '/home/maniente/ws_moveit/src/hello_moveit/build/hello_moveit': CMAKE_PREFIX_PATH=${CMAKE_PREFIX_PATH}:/home/maniente/ws_moveit/install/moveit_configs_utils:/home/maniente/ws_moveit/install/launch_param_builder:/opt/ros/humble /usr/bin/cmake --build /home/maniente/ws_moveit/src/hello_moveit/build/hello_moveit -- -j4 -l4
[4.269s] [ 50%] [32mBuilding CXX object CMakeFiles/hello_moveit.dir/src/hello_moveit.cpp.o[0m
[15.606s] [100%] [32m[1mLinking CXX executable hello_moveit[0m
[16.622s] [100%] Built target hello_moveit
[16.650s] Invoked command in '/home/maniente/ws_moveit/src/hello_moveit/build/hello_moveit' returned '0': CMAKE_PREFIX_PATH=${CMAKE_PREFIX_PATH}:/home/maniente/ws_moveit/install/moveit_configs_utils:/home/maniente/ws_moveit/install/launch_param_builder:/opt/ros/humble /usr/bin/cmake --build /home/maniente/ws_moveit/src/hello_moveit/build/hello_moveit -- -j4 -l4
[16.670s] Invoking command in '/home/maniente/ws_moveit/src/hello_moveit/build/hello_moveit': CMAKE_PREFIX_PATH=${CMAKE_PREFIX_PATH}:/home/maniente/ws_moveit/install/moveit_configs_utils:/home/maniente/ws_moveit/install/launch_param_builder:/opt/ros/humble /usr/bin/cmake --install /home/maniente/ws_moveit/src/hello_moveit/build/hello_moveit
[16.686s] -- Install configuration: "Debug"
[16.687s] -- Installing: /home/maniente/ws_moveit/src/hello_moveit/install/hello_moveit/lib/hello_moveit/hello_moveit
[16.692s] -- Set runtime path of "/home/maniente/ws_moveit/src/hello_moveit/install/hello_moveit/lib/hello_moveit/hello_moveit" to ""
[16.692s] -- Installing: /home/maniente/ws_moveit/src/hello_moveit/install/hello_moveit/share/ament_index/resource_index/package_run_dependencies/hello_moveit
[16.692s] -- Installing: /home/maniente/ws_moveit/src/hello_moveit/install/hello_moveit/share/ament_index/resource_index/parent_prefix_path/hello_moveit
[16.692s] -- Installing: /home/maniente/ws_moveit/src/hello_moveit/install/hello_moveit/share/hello_moveit/environment/ament_prefix_path.sh
[16.692s] -- Installing: /home/maniente/ws_moveit/src/hello_moveit/install/hello_moveit/share/hello_moveit/environment/ament_prefix_path.dsv
[16.693s] -- Installing: /home/maniente/ws_moveit/src/hello_moveit/install/hello_moveit/share/hello_moveit/environment/path.sh
[16.693s] -- Installing: /home/maniente/ws_moveit/src/hello_moveit/install/hello_moveit/share/hello_moveit/environment/path.dsv
[16.693s] -- Installing: /home/maniente/ws_moveit/src/hello_moveit/install/hello_moveit/share/hello_moveit/local_setup.bash
[16.693s] -- Installing: /home/maniente/ws_moveit/src/hello_moveit/install/hello_moveit/share/hello_moveit/local_setup.sh
[16.694s] -- Installing: /home/maniente/ws_moveit/src/hello_moveit/install/hello_moveit/share/hello_moveit/local_setup.zsh
[16.694s] -- Installing: /home/maniente/ws_moveit/src/hello_moveit/install/hello_moveit/share/hello_moveit/local_setup.dsv
[16.694s] -- Installing: /home/maniente/ws_moveit/src/hello_moveit/install/hello_moveit/share/hello_moveit/package.dsv
[16.695s] -- Installing: /home/maniente/ws_moveit/src/hello_moveit/install/hello_moveit/share/ament_index/resource_index/packages/hello_moveit
[16.695s] -- Installing: /home/maniente/ws_moveit/src/hello_moveit/install/hello_moveit/share/hello_moveit/cmake/hello_moveitConfig.cmake
[16.695s] -- Installing: /home/maniente/ws_moveit/src/hello_moveit/install/hello_moveit/share/hello_moveit/cmake/hello_moveitConfig-version.cmake
[16.696s] -- Installing: /home/maniente/ws_moveit/src/hello_moveit/install/hello_moveit/share/hello_moveit/package.xml
[16.699s] Invoked command in '/home/maniente/ws_moveit/src/hello_moveit/build/hello_moveit' returned '0': CMAKE_PREFIX_PATH=${CMAKE_PREFIX_PATH}:/home/maniente/ws_moveit/install/moveit_configs_utils:/home/maniente/ws_moveit/install/launch_param_builder:/opt/ros/humble /usr/bin/cmake --install /home/maniente/ws_moveit/src/hello_moveit/build/hello_moveit
