[0.205s] DEBUG:colcon:Command line arguments: ['/usr/bin/colcon', 'build', '--packages-select', 'mtc_tutorial']
[0.205s] DEBUG:colcon:Parsed command line arguments: Namespace(log_base=None, log_level=None, verb_name='build', build_base='build', install_base='install', merge_install=False, symlink_install=False, test_result_base=None, continue_on_error=False, executor='parallel', parallel_workers=4, event_handlers=None, ignore_user_meta=False, metas=['./colcon.meta'], base_paths=['.'], packages_ignore=None, packages_ignore_regex=None, paths=None, packages_up_to=None, packages_up_to_regex=None, packages_above=None, packages_above_and_dependencies=None, packages_above_depth=None, packages_select_by_dep=None, packages_skip_by_dep=None, packages_skip_up_to=None, packages_select_build_failed=False, packages_skip_build_finished=False, packages_select_test_failures=False, packages_skip_test_passed=False, packages_select=['mtc_tutorial'], packages_skip=None, packages_select_regex=None, packages_skip_regex=None, packages_start=None, packages_end=None, allow_overriding=[], cmake_args=None, cmake_target=None, cmake_target_skip_unavailable=False, cmake_clean_cache=False, cmake_clean_first=False, cmake_force_configure=False, ament_cmake_args=None, catkin_cmake_args=None, catkin_skip_building_tests=False, mixin_files=None, mixin=None, verb_parser=<colcon_mixin.mixin.mixin_argument.MixinArgumentDecorator object at 0x734174243e50>, verb_extension=<colcon_core.verb.build.BuildVerb object at 0x734174243a30>, main=<bound method BuildVerb.main of <colcon_core.verb.build.BuildVerb object at 0x734174243a30>>, mixin_verb=('build',))
[0.506s] Level 1:colcon.colcon_core.package_discovery:discover_packages(colcon_meta) check parameters
[0.506s] Level 1:colcon.colcon_core.package_discovery:discover_packages(recursive) check parameters
[0.506s] Level 1:colcon.colcon_core.package_discovery:discover_packages(ignore) check parameters
[0.506s] Level 1:colcon.colcon_core.package_discovery:discover_packages(path) check parameters
[0.507s] Level 1:colcon.colcon_core.package_discovery:discover_packages(colcon_meta) discover
[0.507s] Level 1:colcon.colcon_core.package_discovery:discover_packages(recursive) discover
[0.507s] INFO:colcon.colcon_core.package_discovery:Crawling recursively for packages in '/home/maniente/ws_moveit/src/hello_moveit'
[0.507s] Level 1:colcon.colcon_core.package_identification:_identify(.) by extensions ['ignore', 'ignore_ament_install']
[0.507s] Level 1:colcon.colcon_core.package_identification:_identify(.) by extension 'ignore'
[0.507s] Level 1:colcon.colcon_core.package_identification:_identify(.) by extension 'ignore_ament_install'
[0.507s] Level 1:colcon.colcon_core.package_identification:_identify(.) by extensions ['colcon_pkg']
[0.508s] Level 1:colcon.colcon_core.package_identification:_identify(.) by extension 'colcon_pkg'
[0.508s] Level 1:colcon.colcon_core.package_identification:_identify(.) by extensions ['colcon_meta']
[0.508s] Level 1:colcon.colcon_core.package_identification:_identify(.) by extension 'colcon_meta'
[0.508s] Level 1:colcon.colcon_core.package_identification:_identify(.) by extensions ['ros']
[0.508s] Level 1:colcon.colcon_core.package_identification:_identify(.) by extension 'ros'
[0.532s] DEBUG:colcon.colcon_core.package_identification:Package '.' with type 'ros.ament_cmake' and name 'hello_moveit'
[0.532s] Level 1:colcon.colcon_core.package_discovery:discover_packages(recursive) using defaults
[0.532s] Level 1:colcon.colcon_core.package_discovery:discover_packages(ignore) discover
[0.532s] Level 1:colcon.colcon_core.package_discovery:discover_packages(ignore) using defaults
[0.532s] Level 1:colcon.colcon_core.package_discovery:discover_packages(path) discover
[0.532s] Level 1:colcon.colcon_core.package_discovery:discover_packages(path) using defaults
[0.533s] WARNING:colcon.colcon_core.package_selection:ignoring unknown package 'mtc_tutorial' in --packages-select
[0.586s] INFO:colcon.colcon_core.package_selection:Skipping not selected package 'hello_moveit' in '.'
[0.587s] Level 1:colcon.colcon_core.package_discovery:discover_packages(prefix_path) check parameters
[0.587s] Level 1:colcon.colcon_core.package_discovery:discover_packages(prefix_path) discover
[0.594s] DEBUG:colcon.colcon_installed_package_information.package_discovery:Found 57 installed packages in /home/maniente/ws_moveit/install
[0.597s] DEBUG:colcon.colcon_installed_package_information.package_discovery:Found 424 installed packages in /opt/ros/humble
[0.601s] Level 1:colcon.colcon_core.package_discovery:discover_packages(prefix_path) using defaults
[0.700s] INFO:colcon.colcon_core.executor:Executing jobs using 'parallel' executor
[0.703s] DEBUG:colcon.colcon_parallel_executor.executor.parallel:run_until_complete
[0.703s] DEBUG:colcon.colcon_parallel_executor.executor.parallel:closing loop
[0.703s] DEBUG:colcon.colcon_parallel_executor.executor.parallel:loop closed
[0.703s] DEBUG:colcon.colcon_parallel_executor.executor.parallel:run_until_complete finished with '0'
[0.703s] DEBUG:colcon.colcon_core.event_reactor:joining thread
[0.711s] INFO:colcon.colcon_core.plugin_system:Skipping extension 'colcon_notification.desktop_notification.terminal_notifier': Not used on non-Darwin systems
[0.711s] INFO:colcon.colcon_core.plugin_system:Skipping extension 'colcon_notification.desktop_notification.win32': Not used on non-Windows systems
[0.711s] INFO:colcon.colcon_notification.desktop_notification:Sending desktop notification using 'notify2'
[0.727s] DEBUG:colcon.colcon_core.event_reactor:joined thread
[0.730s] INFO:colcon.colcon_core.plugin_system:Skipping extension 'colcon_core.shell.bat': Not used on non-Windows systems
[0.730s] INFO:colcon.colcon_core.shell:Creating prefix script '/home/maniente/ws_moveit/src/hello_moveit/install/local_setup.ps1'
[0.733s] INFO:colcon.colcon_core.shell:Creating prefix util module '/home/maniente/ws_moveit/src/hello_moveit/install/_local_setup_util_ps1.py'
[0.737s] INFO:colcon.colcon_core.shell:Creating prefix chain script '/home/maniente/ws_moveit/src/hello_moveit/install/setup.ps1'
[0.743s] INFO:colcon.colcon_core.shell:Creating prefix script '/home/maniente/ws_moveit/src/hello_moveit/install/local_setup.sh'
[0.744s] INFO:colcon.colcon_core.shell:Creating prefix util module '/home/maniente/ws_moveit/src/hello_moveit/install/_local_setup_util_sh.py'
[0.744s] INFO:colcon.colcon_core.shell:Creating prefix chain script '/home/maniente/ws_moveit/src/hello_moveit/install/setup.sh'
[0.749s] INFO:colcon.colcon_core.shell:Creating prefix script '/home/maniente/ws_moveit/src/hello_moveit/install/local_setup.bash'
[0.750s] INFO:colcon.colcon_core.shell:Creating prefix chain script '/home/maniente/ws_moveit/src/hello_moveit/install/setup.bash'
[0.756s] INFO:colcon.colcon_core.shell:Creating prefix script '/home/maniente/ws_moveit/src/hello_moveit/install/local_setup.zsh'
[0.757s] INFO:colcon.colcon_core.shell:Creating prefix chain script '/home/maniente/ws_moveit/src/hello_moveit/install/setup.zsh'
